2020-03-24 03:52:51,770 INFO hw_3_1_client Клиент запощен
2020-03-24 03:52:51,773 WARNING hw_3_1_client Нет адреса сервера
2020-03-24 03:52:51,773 WARNING hw_3_1_client Выбран стандарный порт: 7777
2020-03-24 03:52:51,773 DEBUG hw_3_1_client 1. Соединение
2020-03-24 03:52:52,781 ERROR hw_3_1_client Exception: [WinError 10061] Подключение не установлено, т.к. конечный компьютер отверг запрос на подключение
2020-03-24 03:52:52,781 INFO hw_3_1_client Клиент остановлен
2020-03-24 03:52:58,301 INFO hw_3_1_client Клиент запощен
2020-03-24 03:52:58,302 WARNING hw_3_1_client Нет адреса сервера
2020-03-24 03:52:58,303 WARNING hw_3_1_client Выбран стандарный порт: 7777
2020-03-24 03:52:58,303 DEBUG hw_3_1_client 1. Соединение
2020-03-24 03:52:58,308 DEBUG hw_3_1_client 2. Отправка сообщения
2020-03-24 03:52:58,308 DEBUG hw_3_1_client 3. Ожидание ответа
2020-03-24 03:52:58,309 INFO hw_3_1_client Response: {'response': 200}
2020-03-24 03:52:58,309 INFO hw_3_1_client Клиент остановлен
2020-03-24 05:01:40,599 INFO hw_3_1_client Клиент запощен
2020-03-24 05:01:40,600 WARNING hw_3_1_client Нет адреса сервера
2020-03-24 05:01:40,601 WARNING hw_3_1_client Выбран стандарный порт: 7777
2020-03-24 05:01:40,601 DEBUG hw_3_1_client 1. Соединение
2020-03-24 05:01:40,605 DEBUG hw_3_1_client 2. Отправка сообщения
2020-03-24 05:01:40,606 DEBUG hw_3_1_client 3. Ожидание ответа
2020-03-24 05:01:40,606 INFO hw_3_1_client Response: {'response': 200}
2020-03-24 05:01:40,606 INFO hw_3_1_client Клиент остановлен
2020-03-24 14:03:54,766 INFO hw_3_1_client Клиент запощен
2020-03-24 14:03:54,767 WARNING hw_3_1_client Нет адреса сервера
2020-03-24 14:03:54,767 WARNING hw_3_1_client Выбран стандарный порт: 7777
2020-03-24 14:03:54,767 DEBUG hw_3_1_client 1. Соединение
2020-03-24 14:03:54,772 DEBUG hw_3_1_client 2. Отправка сообщения
2020-03-24 14:03:54,773 DEBUG hw_3_1_client 3. Ожидание ответа
2020-03-24 14:03:54,773 INFO hw_3_1_client Response: {'response': 200}
2020-03-24 14:03:54,774 INFO hw_3_1_client Клиент остановлен
