2020-03-24 03:52:56,146 INFO hw_3_1_server Сервер запущен
2020-03-24 03:52:56,147 WARNING hw_3_1_server Нет адреса, использован стандартный
2020-03-24 03:52:56,147 WARNING hw_3_1_server Выбран стандарный порт: 7777
2020-03-24 03:52:58,308 DEBUG hw_3_1_server 1. Подтверждение
2020-03-24 03:52:58,308 DEBUG hw_3_1_server 2. Получение сообщения
2020-03-24 03:52:58,308 INFO hw_3_1_server Message: {'action': 'presence', 'time': 1585057978.308342, 'user': {'user_name': 'user_name'}}
2020-03-24 03:52:58,309 DEBUG hw_3_1_server Ответ от сервера: ОК
2020-03-24 03:52:58,309 DEBUG hw_3_1_server 3. Отправка ответа
2020-03-24 05:01:38,769 INFO hw_3_1_server Сервер запущен
2020-03-24 05:01:38,770 WARNING hw_3_1_server Нет адреса, использован стандартный
2020-03-24 05:01:38,770 WARNING hw_3_1_server Выбран стандарный порт: 7777
2020-03-24 05:01:40,606 DEBUG hw_3_1_server 1. Подтверждение
2020-03-24 05:01:40,606 DEBUG hw_3_1_server 2. Получение сообщения
2020-03-24 05:01:40,606 INFO hw_3_1_server Message: {'action': 'presence', 'time': 1585058080.6056185, 'user': {'user_name': 'user_name'}}
2020-03-24 05:01:40,606 DEBUG hw_3_1_server Ответ от сервера: ОК
2020-03-24 05:01:40,606 DEBUG hw_3_1_server 3. Отправка ответа
2020-03-24 14:03:51,101 INFO hw_3_1_server Сервер запущен
2020-03-24 14:03:51,102 WARNING hw_3_1_server Нет адреса, использован стандартный
2020-03-24 14:03:51,102 WARNING hw_3_1_server Выбран стандарный порт: 7777
2020-03-24 14:03:54,772 DEBUG hw_3_1_server 1. Подтверждение
2020-03-24 14:03:54,773 DEBUG hw_3_1_server 2. Получение сообщения
2020-03-24 14:03:54,773 INFO hw_3_1_server Message: {'action': 'presence', 'time': 1585058634.772776, 'user': {'user_name': 'user_name'}}
2020-03-24 14:03:54,773 DEBUG hw_3_1_server Ответ от сервера: ОК
2020-03-24 14:03:54,773 DEBUG hw_3_1_server 3. Отправка ответа
